0 info it worked if it ends with ok
1 verbose cli [ '/home/cristian/node-v6.7.0-linux-x64/bin/node',
1 verbose cli   '/home/cristian/node-v6.7.0-linux-x64/bin/npm',
1 verbose cli   'publish' ]
2 info using npm@3.10.3
3 info using node@v6.7.0
4 verbose publish [ '.' ]
5 silly cache add args [ '.', null ]
6 verbose cache add spec .
7 silly cache add parsed spec Result {
7 silly cache add   raw: '.',
7 silly cache add   scope: null,
7 silly cache add   escapedName: null,
7 silly cache add   name: null,
7 silly cache add   rawSpec: '.',
7 silly cache add   spec: '/home/cristian/Code/HelloWorldPackageJS',
7 silly cache add   type: 'directory' }
8 verbose addLocalDirectory /home/cristian/.npm/cristian-helloworld-package-js/1.0.0/package.tgz not in flight; packing
9 verbose correctMkdir /home/cristian/.npm correctMkdir not in flight; initializing
10 info lifecycle cristian-helloworld-package-js@1.0.0~prepublish: cristian-helloworld-package-js@1.0.0
11 silly lifecycle cristian-helloworld-package-js@1.0.0~prepublish: no script for prepublish, continuing
12 verbose tar pack [ '/home/cristian/.npm/cristian-helloworld-package-js/1.0.0/package.tgz',
12 verbose tar pack   '/home/cristian/Code/HelloWorldPackageJS' ]
13 verbose tarball /home/cristian/.npm/cristian-helloworld-package-js/1.0.0/package.tgz
14 verbose folder /home/cristian/Code/HelloWorldPackageJS
15 verbose addLocalTarball adding from inside cache /home/cristian/.npm/cristian-helloworld-package-js/1.0.0/package.tgz
16 verbose correctMkdir /home/cristian/.npm correctMkdir not in flight; initializing
17 silly cache afterAdd cristian-helloworld-package-js@1.0.0
18 verbose afterAdd /home/cristian/.npm/cristian-helloworld-package-js/1.0.0/package/package.json not in flight; writing
19 verbose correctMkdir /home/cristian/.npm correctMkdir not in flight; initializing
20 verbose afterAdd /home/cristian/.npm/cristian-helloworld-package-js/1.0.0/package/package.json written
21 silly publish { name: 'cristian-helloworld-package-js',
21 silly publish   version: '1.0.0',
21 silly publish   description: '# INSTALL',
21 silly publish   main: 'src/index.js',
21 silly publish   directories: { test: 'tests' },
21 silly publish   scripts: { test: 'echo "Error: no test specified" && exit 1' },
21 silly publish   keywords: [ 'hello' ],
21 silly publish   author: { name: 'cristian' },
21 silly publish   license: 'MIT',
21 silly publish   readme: '# TODO\n\n# INSTALL\n\n# BLA BLA BLA',
21 silly publish   readmeFilename: 'README.md',
21 silly publish   gitHead: 'c210ee537ec4f23f05e6b7c1fe276e66c24ea093',
21 silly publish   _id: 'cristian-helloworld-package-js@1.0.0',
21 silly publish   _shasum: 'e602a311691c0301bcfda63a1684b93edf23b2a5',
21 silly publish   _from: '.' }
22 verbose getPublishConfig undefined
23 silly mapToRegistry name cristian-helloworld-package-js
24 silly mapToRegistry using default registry
25 silly mapToRegistry registry https://registry.npmjs.org/
26 silly mapToRegistry data Result {
26 silly mapToRegistry   raw: 'cristian-helloworld-package-js',
26 silly mapToRegistry   scope: null,
26 silly mapToRegistry   escapedName: 'cristian-helloworld-package-js',
26 silly mapToRegistry   name: 'cristian-helloworld-package-js',
26 silly mapToRegistry   rawSpec: '',
26 silly mapToRegistry   spec: 'latest',
26 silly mapToRegistry   type: 'tag' }
27 silly mapToRegistry uri https://registry.npmjs.org/cristian-helloworld-package-js
28 verbose publish registryBase https://registry.npmjs.org/
29 silly publish uploading /home/cristian/.npm/cristian-helloworld-package-js/1.0.0/package.tgz
30 verbose request uri https://registry.npmjs.org/cristian-helloworld-package-js
31 verbose request sending authorization for write operation
32 info attempt registry request try #1 at 17:31:19
33 verbose request using bearer token for auth
34 verbose request id 5573123b2a405716
35 http request PUT https://registry.npmjs.org/cristian-helloworld-package-js
36 http 403 https://registry.npmjs.org/cristian-helloworld-package-js
37 verbose headers { 'content-type': 'application/json',
37 verbose headers   'cache-control': 'max-age=300',
37 verbose headers   'content-length': '95',
37 verbose headers   'accept-ranges': 'bytes',
37 verbose headers   date: 'Tue, 18 Oct 2016 15:31:21 GMT',
37 verbose headers   via: '1.1 varnish',
37 verbose headers   connection: 'keep-alive',
37 verbose headers   'x-served-by': 'cache-cdg8729-CDG',
37 verbose headers   'x-cache': 'MISS',
37 verbose headers   'x-cache-hits': '0',
37 verbose headers   'x-timer': 'S1476804680.060475,VS0,VE1195',
37 verbose headers   vary: 'Accept-Encoding' }
38 verbose request invalidating /home/cristian/.npm/registry.npmjs.org/cristian-helloworld-package-js on PUT
39 error publish Failed PUT 403
40 verbose stack Error: "You cannot publish over the previously published version 1.0.0." : cristian-helloworld-package-js
40 verbose stack     at makeError (/home/cristian/node-v6.7.0-linux-x64/lib/node_modules/npm/node_modules/npm-registry-client/lib/request.js:264:12)
40 verbose stack     at CachingRegistryClient.<anonymous> (/home/cristian/node-v6.7.0-linux-x64/lib/node_modules/npm/node_modules/npm-registry-client/lib/request.js:252:14)
40 verbose stack     at Request._callback (/home/cristian/node-v6.7.0-linux-x64/lib/node_modules/npm/node_modules/npm-registry-client/lib/request.js:172:14)
40 verbose stack     at Request.self.callback (/home/cristian/node-v6.7.0-linux-x64/lib/node_modules/npm/node_modules/request/request.js:200:22)
40 verbose stack     at emitTwo (events.js:106:13)
40 verbose stack     at Request.emit (events.js:191:7)
40 verbose stack     at Request.<anonymous> (/home/cristian/node-v6.7.0-linux-x64/lib/node_modules/npm/node_modules/request/request.js:1067:10)
40 verbose stack     at emitOne (events.js:101:20)
40 verbose stack     at Request.emit (events.js:188:7)
40 verbose stack     at IncomingMessage.<anonymous> (/home/cristian/node-v6.7.0-linux-x64/lib/node_modules/npm/node_modules/request/request.js:988:12)
41 verbose statusCode 403
42 verbose pkgid cristian-helloworld-package-js
43 verbose cwd /home/cristian/Code/HelloWorldPackageJS
44 error Linux 4.4.0-42-generic
45 error argv "/home/cristian/node-v6.7.0-linux-x64/bin/node" "/home/cristian/node-v6.7.0-linux-x64/bin/npm" "publish"
46 error node v6.7.0
47 error npm  v3.10.3
48 error code E403
49 error "You cannot publish over the previously published version 1.0.0." : cristian-helloworld-package-js
50 error If you need help, you may report this error at:
50 error     <https://github.com/npm/npm/issues>
51 verbose exit [ 1, true ]
